2024-11-28 10:28:15,651 [INFO] MainUpdater:2873 - connection check result : 10
2024-11-28 10:28:15,668 [INFO] MainUpdater:2873 - connection check result : 10
2024-11-28 10:28:15,679 [ERROR] IocParser:57 - IOException caught: D:\s-stm32ws\test\test.ioc (系统找不到指定的路径。)
2024-11-28 10:28:15,679 [ERROR] PeripheralListParser:95 - Something went wrong with ioc file reading: D:\s-stm32ws\test\test.ioc (系统找不到指定的路径。)
2024-11-28 10:28:15,679 [ERROR] RegexParser:59 - Issue caught when parsing regex: D:\s-stm32ws\test\test.ioc (系统找不到指定的路径。)
2024-11-28 10:28:15,725 [INFO] MicroXplorer:468 - Change Database Path : 
2024-11-28 10:28:15,725 [INFO] MicroXplorer:498 - Change Database Version : DB.6.0.121
2024-11-28 10:28:15,741 [ERROR] ProjectManagerView:394 - 
java.lang.NullPointerException: Cannot invoke "javax.swing.JTextField.getText()" because the return value of "java.util.List.get(int)" is null
	at com.st.microxplorer.plugins.projectmanager.gui.ProjectChoiceTab$10.caretUpdate(ProjectChoiceTab.java:2622) ~[filemanager.jar:?]
	at javax.swing.text.JTextComponent.fireCaretUpdate(JTextComponent.java:412) ~[?:?]
	at javax.swing.text.JTextComponent$MutableCaretEvent.fire(JTextComponent.java:4491) ~[?:?]
	at javax.swing.text.JTextComponent$MutableCaretEvent.stateChanged(JTextComponent.java:4513) ~[?:?]
	at javax.swing.text.DefaultCaret.fireStateChanged(DefaultCaret.java:842) ~[?:?]
	at javax.swing.text.DefaultCaret.changeCaretPosition(DefaultCaret.java:1313) ~[?:?]
	at javax.swing.text.DefaultCaret.handleSetDot(DefaultCaret.java:1212) ~[?:?]
	at javax.swing.text.DefaultCaret.setDot(DefaultCaret.java:1193) ~[?:?]
	at javax.swing.text.DefaultCaret$Handler.insertUpdate(DefaultCaret.java:1789) ~[?:?]
	at javax.swing.text.AbstractDocument.fireInsertUpdate(AbstractDocument.java:226) ~[?:?]
	at javax.swing.text.AbstractDocument.handleInsertString(AbstractDocument.java:780) ~[?:?]
	at javax.swing.text.AbstractDocument.insertString(AbstractDocument.java:739) ~[?:?]
	at javax.swing.text.PlainDocument.insertString(PlainDocument.java:131) ~[?:?]
	at javax.swing.text.AbstractDocument.replace(AbstractDocument.java:698) ~[?:?]
	at javax.swing.text.JTextComponent.setText(JTextComponent.java:1729) ~[?:?]
	at com.st.microxplorer.plugins.projectmanager.gui.ProjectChoiceTab.createHeapStackFields(ProjectChoiceTab.java:972) ~[filemanager.jar:?]
	at com.st.microxplorer.plugins.projectmanager.gui.ProjectChoiceTab.buildLinkSettingsPanel(ProjectChoiceTab.java:3597) ~[filemanager.jar:?]
	at com.st.microxplorer.plugins.projectmanager.gui.ProjectChoiceTab.defineWindowsFields(ProjectChoiceTab.java:1940) ~[filemanager.jar:?]
	at com.st.microxplorer.plugins.projectmanager.gui.ProjectChoiceTab.updateSettings(ProjectChoiceTab.java:550) ~[filemanager.jar:?]
	at com.st.microxplorer.plugins.projectmanager.gui.ProjectSettingsPanel.UpdateDialog(ProjectSettingsPanel.java:245) ~[filemanager.jar:?]
	at com.st.microxplorer.plugins.projectmanager.ProjectManagerView.propertyChange(ProjectManagerView.java:391) ~[filemanager.jar:?]
	at java.beans.PropertyChangeSupport.fire(PropertyChangeSupport.java:343) ~[?:?]
	at java.beans.PropertyChangeSupport.firePropertyChange(PropertyChangeSupport.java:335) ~[?:?]
	at java.beans.PropertyChangeSupport.firePropertyChange(PropertyChangeSupport.java:268) ~[?:?]
	at com.st.microxplorer.util.MXPropertyChangeSupport.firePropertyChange(MXPropertyChangeSupport.java:54) ~[STM32CubeMX.jar:?]
	at com.st.microxplorer.mxsystem.MxSystem.closeConfig(MxSystem.java:900) ~[STM32CubeMX.jar:?]
	at com.st.microxplorer.maingui.MainPanel.closeConfig(MainPanel.java:781) ~[STM32CubeMX.jar:?]
	at com.st.microxplorer.plugins.filemanager.engine.OpenFileManager.loadConfigurationFile(OpenFileManager.java:265) ~[filemanager.jar:?]
	at com.st.microxplorer.plugins.filemanager.engine.MainFileManager.userLoadConfig(MainFileManager.java:352) ~[filemanager.jar:?]
	at com.st.microxplorer.plugins.filemanager.engine.MainFileManager.userLoadConfig(MainFileManager.java:330) ~[filemanager.jar:?]
	at com.st.microxplorer.plugins.filemanager.FileManagerView.getSpecificTask(FileManagerView.java:246) ~[filemanager.jar:?]
	at com.st.stm32cube.common.mx.editor.CubeMxEditor.getMxTabbedPaneInstance(CubeMxEditor.java:1198) ~[com.st.stm32cube.common.mx_6.12.1.202409122256/:?]
	at com.st.stm32cube.common.mx.editor.CubeMxEditor$12$1.createSwingComponent(CubeMxEditor.java:1068) ~[com.st.stm32cube.common.mx_6.12.1.202409122256/:?]
	at com.st.stm32cube.common.mx.oss.core.awtswtbridge.EmbeddedSwingComposite.doComponentCreation(EmbeddedSwingComposite.java:492) ~[com.st.stm32cube.common.mx.oss_6.12.1.202409122256/:?]
	at com.st.stm32cube.common.mx.oss.core.awtswtbridge.EmbeddedSwingComposite$4.run(EmbeddedSwingComposite.java:291) ~[com.st.stm32cube.common.mx.oss_6.12.1.202409122256/:?]
	at com.st.stm32cube.common.mx.oss.core.awtswtbridge.AwtEnvironment$2.run(AwtEnvironment.java:166) ~[com.st.stm32cube.common.mx.oss_6.12.1.202409122256/:?]
	at java.awt.event.InvocationEvent.dispatch(InvocationEvent.java:318) ~[?:?]
	at java.awt.EventQueue.dispatchEventImpl(EventQueue.java:773) ~[?:?]
	at java.awt.EventQueue$4.run(EventQueue.java:720) ~[?:?]
	at java.awt.EventQueue$4.run(EventQueue.java:714) ~[?:?]
	at java.security.AccessController.doPrivileged(AccessController.java:399) ~[?:?]
	at java.security.ProtectionDomain$JavaSecurityAccessImpl.doIntersectionPrivilege(ProtectionDomain.java:86) ~[?:?]
	at java.awt.EventQueue.dispatchEvent(EventQueue.java:742) ~[?:?]
	at java.awt.EventDispatchThread.pumpOneEventForFilters(EventDispatchThread.java:203) ~[?:?]
	at java.awt.EventDispatchThread.pumpEventsForFilter(EventDispatchThread.java:124) ~[?:?]
	at java.awt.EventDispatchThread.pumpEventsForHierarchy(EventDispatchThread.java:113) ~[?:?]
	at java.awt.EventDispatchThread.pumpEvents(EventDispatchThread.java:109) ~[?:?]
	at java.awt.EventDispatchThread.pumpEvents(EventDispatchThread.java:101) ~[?:?]
	at java.awt.EventDispatchThread.run(EventDispatchThread.java:90) ~[?:?]
2024-11-28 10:28:15,742 [WARN] ThirdParty:871 - waiting for thirdparty lock release [close project]
2024-11-28 10:28:15,742 [INFO] ThirdParty:873 - entering critical section [close project]
2024-11-28 10:28:15,742 [INFO] ThirdParty:883 - exiting critical section [close project]
2024-11-28 10:28:15,743 [INFO] PinOutPanel:1561 - setPackage(No Configuration,No Configuration)
2024-11-28 10:28:15,756 [INFO] UtilMem:75 - Begin LoadConfig() Used Memory: 640015128 Bytes (1073741824)
2024-11-28 10:28:15,757 [INFO] MicroXplorer:468 - Change Database Path : 
2024-11-28 10:28:15,757 [INFO] MicroXplorer:498 - Change Database Version : DB.6.0.121
2024-11-28 10:28:15,757 [INFO] OpenFileManager:332 - Change cursor
2024-11-28 10:28:15,788 [INFO] RulesReader:64 - Compatibility file has been processed (297 Rules)
2024-11-28 10:28:15,801 [INFO] Mcu:2032 - Initializing MCU STM32F103C(8-B)Tx STM32F103C8Tx STM32F103C8T6
2024-11-28 10:28:16,431 [INFO] Context:742 - Trying to add GPIOservice into a context  which must be forbidden
2024-11-28 10:28:16,553 [INFO] RtosManager:555 - Registered RTOS mode: class=CMSIS, group=RTOS, mode=CMSIS_V1, owner=FREERTOS
2024-11-28 10:28:16,553 [INFO] RtosManager:555 - Registered RTOS mode: class=CMSIS, group=RTOS2, mode=CMSIS_V2, owner=FREERTOS
2024-11-28 10:28:16,553 [INFO] RtosManager:555 - Registered RTOS mode: class=RTOS, group=Core, mode=CMSIS_V1, owner=FREERTOS
2024-11-28 10:28:16,553 [INFO] RtosManager:555 - Registered RTOS mode: class=RTOS, group=Core, mode=CMSIS_V2, owner=FREERTOS
2024-11-28 10:28:16,553 [WARN] ModelIntegratedComponent:184 - Missing modes for component STMicroelectronics:FreeRTOS:0.0.1:STMicroelectronics:RTOS:FreeRTOS:Core:::10.2.0:
2024-11-28 10:28:16,559 [WARN] ModelIntegratedComponent:63 - No mode defined for component null
2024-11-28 10:28:16,559 [WARN] ModelIntegratedComponent:63 - No mode defined for component null
2024-11-28 10:28:16,559 [WARN] ModelIntegratedComponent:63 - No mode defined for component null
2024-11-28 10:28:16,559 [WARN] ModelIntegratedComponent:63 - No mode defined for component null
2024-11-28 10:28:16,559 [WARN] ModelIntegratedComponent:63 - No mode defined for component null
2024-11-28 10:28:16,559 [WARN] ModelIntegratedComponent:63 - No mode defined for component null
2024-11-28 10:28:16,559 [WARN] ModelIntegratedComponent:63 - No mode defined for component null
2024-11-28 10:28:16,559 [WARN] ModelIntegratedComponent:63 - No mode defined for component null
2024-11-28 10:28:16,559 [WARN] ModelIntegratedComponent:63 - No mode defined for component null
2024-11-28 10:28:16,559 [WARN] ModelIntegratedComponent:63 - No mode defined for component null
2024-11-28 10:28:16,559 [WARN] ModelIntegratedComponent:63 - No mode defined for component null
2024-11-28 10:28:16,559 [WARN] ModelIntegratedComponent:63 - No mode defined for component null
2024-11-28 10:28:16,559 [WARN] ModelIntegratedComponent:63 - No mode defined for component null
2024-11-28 10:28:16,559 [WARN] ModelIntegratedComponent:63 - No mode defined for component null
2024-11-28 10:28:16,559 [WARN] ModelIntegratedComponent:63 - No mode defined for component null
2024-11-28 10:28:16,559 [WARN] ModelIntegratedComponent:63 - No mode defined for component null
2024-11-28 10:28:16,559 [WARN] ModelIntegratedComponent:63 - No mode defined for component null
2024-11-28 10:28:16,559 [WARN] ModelIntegratedComponent:63 - No mode defined for component null
2024-11-28 10:28:16,559 [WARN] ModelIntegratedComponent:63 - No mode defined for component null
2024-11-28 10:28:16,559 [WARN] ModelIntegratedComponent:63 - No mode defined for component null
2024-11-28 10:28:16,559 [WARN] ModelIntegratedComponent:63 - No mode defined for component null
2024-11-28 10:28:16,559 [WARN] ModelIntegratedComponent:63 - No mode defined for component null
2024-11-28 10:28:16,560 [WARN] ModelIntegratedComponent:63 - No mode defined for component null
2024-11-28 10:28:16,560 [WARN] ModelIntegratedComponent:63 - No mode defined for component null
2024-11-28 10:28:16,560 [WARN] ModelIntegratedComponent:63 - No mode defined for component null
2024-11-28 10:28:16,560 [WARN] ModelIntegratedComponent:63 - No mode defined for component null
2024-11-28 10:28:16,560 [WARN] ModelIntegratedComponent:63 - No mode defined for component null
2024-11-28 10:28:16,560 [WARN] ModelIntegratedComponent:63 - No mode defined for component null
2024-11-28 10:28:16,560 [WARN] ModelIntegratedComponent:63 - No mode defined for component null
2024-11-28 10:28:16,560 [WARN] ModelIntegratedComponent:63 - No mode defined for component null
2024-11-28 10:28:16,560 [WARN] ModelIntegratedComponent:63 - No mode defined for component null
2024-11-28 10:28:16,560 [WARN] ModelIntegratedComponent:63 - No mode defined for component null
2024-11-28 10:28:16,560 [WARN] ModelIntegratedComponent:63 - No mode defined for component null
2024-11-28 10:28:16,560 [WARN] ModelIntegratedComponent:63 - No mode defined for component null
2024-11-28 10:28:16,560 [WARN] ModelIntegratedComponent:63 - No mode defined for component null
2024-11-28 10:28:16,560 [WARN] ModelPack:524 - Component already loaded: STMicroelectronics:HAL Drivers:0.0.0:STMicroelectronics:Device:STMicro_Driver:XSPI:HAL::0.0.1:HAL_XSPI
2024-11-28 10:28:16,566 [INFO] ThirdPartyModel:298 - Start build external matchings
2024-11-28 10:28:16,617 [INFO] ThirdPartyModel:316 - End build external matchings
2024-11-28 10:28:16,759 [INFO] UtilMem:75 - End LoadConfig() Used Memory: 872801992 Bytes (1073741824)
2024-11-28 10:28:16,790 [WARN] ThirdParty:833 - waiting for thirdparty lock release [change project]
2024-11-28 10:28:16,790 [INFO] ThirdParty:835 - entering critical section [change project]
2024-11-28 10:28:16,790 [INFO] ThirdParty:1030 - CMSIS Pack Vendor :STMicroelectronics USBPD 4.1
2024-11-28 10:28:16,790 [INFO] ThirdParty:1030 - CMSIS Pack Vendor :STMicroelectronics USB_HOST 2.0.0
2024-11-28 10:28:16,790 [INFO] ThirdParty:1030 - CMSIS Pack Vendor :STMicroelectronics FP-SNS-MOTENVWB1 1.4.0
2024-11-28 10:28:16,790 [INFO] ThirdParty:1030 - CMSIS Pack Vendor :STMicroelectronics X-CUBE-AZRTOS-F4 1.1.0
2024-11-28 10:28:16,790 [INFO] ThirdParty:1030 - CMSIS Pack Vendor :STMicroelectronics LIBJPEG 8.0.0
2024-11-28 10:28:16,790 [INFO] ThirdParty:1030 - CMSIS Pack Vendor :STMicroelectronics X-CUBE-SMBUS 2.1.0
2024-11-28 10:28:16,790 [INFO] ThirdParty:1030 - CMSIS Pack Vendor :STMicroelectronics USB_DEVICE 3.0.0
2024-11-28 10:28:16,790 [INFO] ThirdParty:1030 - CMSIS Pack Vendor :STMicroelectronics X-CUBE-TCPP 4.1.0
2024-11-28 10:28:16,790 [INFO] ThirdParty:1030 - CMSIS Pack Vendor :STMicroelectronics X-CUBE-FREERTOS 1.2.0
2024-11-28 10:28:16,790 [INFO] ThirdParty:1030 - CMSIS Pack Vendor :STMicroelectronics X-CUBE-AZRTOS-WB 2.0.0
2024-11-28 10:28:16,790 [INFO] ThirdParty:1030 - CMSIS Pack Vendor :STMicroelectronics X-CUBE-AZRTOS-F7 1.1.0
2024-11-28 10:28:16,790 [INFO] ThirdParty:1030 - CMSIS Pack Vendor :STMicroelectronics X-CUBE-AZRTOS-L5 2.0.0
2024-11-28 10:28:16,790 [INFO] ThirdParty:1030 - CMSIS Pack Vendor :STMicroelectronics USB_DEVICE 2.0.0
2024-11-28 10:28:16,790 [INFO] ThirdParty:1030 - CMSIS Pack Vendor :STMicroelectronics X-CUBE-NFC6 3.1.0
2024-11-28 10:28:16,790 [INFO] ThirdParty:1030 - CMSIS Pack Vendor :STMicroelectronics FreeRTOS 0.0.1
2024-11-28 10:28:16,790 [INFO] ThirdParty:1030 - CMSIS Pack Vendor :STMicroelectronics X-CUBE-AZRTOS-G0 1.1.0
2024-11-28 10:28:16,790 [INFO] ThirdParty:1030 - CMSIS Pack Vendor :STMicroelectronics X-CUBE-SAFEA1 1.2.2
2024-11-28 10:28:16,790 [INFO] ThirdParty:1030 - CMSIS Pack Vendor :STMicroelectronics X-CUBE-NFC4 3.0.0
2024-11-28 10:28:16,790 [INFO] ThirdParty:1030 - CMSIS Pack Vendor :STMicroelectronics X-CUBE-SUBG2 5.0.0
2024-11-28 10:28:16,790 [INFO] ThirdParty:1030 - CMSIS Pack Vendor :STMicroelectronics STM32_WPAN 1.0.0
2024-11-28 10:28:16,790 [INFO] ThirdParty:1030 - CMSIS Pack Vendor :STMicroelectronics lwIP 2.0.3
2024-11-28 10:28:16,791 [INFO] ThirdParty:1030 - CMSIS Pack Vendor :STMicroelectronics FP-SNS-FLIGHT1 5.0.2
2024-11-28 10:28:16,791 [INFO] ThirdParty:1030 - CMSIS Pack Vendor :STMicroelectronics USB_HOST 1.0.0
2024-11-28 10:28:16,791 [INFO] ThirdParty:1030 - CMSIS Pack Vendor :STMicroelectronics X-CUBE-AZRTOS-G4 2.0.0
2024-11-28 10:28:16,791 [INFO] ThirdParty:1030 - CMSIS Pack Vendor :STMicroelectronics PDM2PCM 3.1.0
2024-11-28 10:28:16,791 [INFO] ThirdParty:1030 - CMSIS Pack Vendor :STMicroelectronics PDM2PCM 3.3.0
2024-11-28 10:28:16,791 [INFO] ThirdParty:1030 - CMSIS Pack Vendor :STMicroelectronics X-CUBE-DISPLAY 3.0.0
2024-11-28 10:28:16,791 [INFO] ThirdParty:1030 - CMSIS Pack Vendor :STMicroelectronics X-CUBE-BLE1 7.0.0
2024-11-28 10:28:16,791 [INFO] ThirdParty:1030 - CMSIS Pack Vendor :STMicroelectronics FP-ATR-SIGFOX1 3.2.0
2024-11-28 10:28:16,791 [INFO] ThirdParty:1030 - CMSIS Pack Vendor :STMicroelectronics X-CUBE-EEPRMA1 5.1.0
2024-11-28 10:28:16,791 [INFO] ThirdParty:1030 - CMSIS Pack Vendor :STMicroelectronics HAL Drivers 0.0.0
2024-11-28 10:28:16,791 [INFO] ThirdParty:1030 - CMSIS Pack Vendor :STMicroelectronics MBEDTLS 2.16.2
2024-11-28 10:28:16,791 [INFO] ThirdParty:1030 - CMSIS Pack Vendor :STMicroelectronics X-CUBE-ALS 1.0.2
2024-11-28 10:28:16,791 [INFO] ThirdParty:1030 - CMSIS Pack Vendor :STMicroelectronics X-CUBE-NFC7 1.0.1
2024-11-28 10:28:16,791 [INFO] ThirdParty:1030 - CMSIS Pack Vendor :STMicroelectronics MBEDTLS 2.14.1
2024-11-28 10:28:16,791 [INFO] ThirdParty:1030 - CMSIS Pack Vendor :STMicroelectronics X-CUBE-BLEMGR 3.1.0
2024-11-28 10:28:16,791 [INFO] ThirdParty:1030 - CMSIS Pack Vendor :STMicroelectronics ThreadX 1.0.0
2024-11-28 10:28:16,791 [INFO] ThirdParty:1030 - CMSIS Pack Vendor :STMicroelectronics FP-SNS-SMARTAG2 1.2.0
2024-11-28 10:28:16,791 [INFO] ThirdParty:1030 - CMSIS Pack Vendor :STMicroelectronics X-CUBE-AZRTOS-WL 2.0.0
2024-11-28 10:28:16,791 [INFO] ThirdParty:1030 - CMSIS Pack Vendor :STMicroelectronics X-CUBE-ALGOBUILD 1.4.0
2024-11-28 10:28:16,791 [INFO] ThirdParty:1030 - CMSIS Pack Vendor :STMicroelectronics FP-SNS-MOTENV1 5.0.0
2024-11-28 10:28:16,791 [INFO] ThirdParty:1030 - CMSIS Pack Vendor :STMicroelectronics USB_DEVICE 1.0.0
2024-11-28 10:28:16,791 [INFO] ThirdParty:1030 - CMSIS Pack Vendor :STMicroelectronics X-CUBE-AZRTOS-H7RS 1.0.0
2024-11-28 10:28:16,791 [INFO] ThirdParty:1030 - CMSIS Pack Vendor :STMicroelectronics X-CUBE-AZRTOS-L4 2.0.0
2024-11-28 10:28:16,791 [INFO] ThirdParty:1030 - CMSIS Pack Vendor :STMicroelectronics ThreadX 0.0.2
2024-11-28 10:28:16,791 [INFO] ThirdParty:1030 - CMSIS Pack Vendor :STMicroelectronics lwIP 2.1.2
2024-11-28 10:28:16,791 [INFO] ThirdParty:1030 - CMSIS Pack Vendor :STMicroelectronics X-CUBE-SFXS2LP1 4.0.0
2024-11-28 10:28:16,791 [INFO] ThirdParty:1030 - CMSIS Pack Vendor :STMicroelectronics X-CUBE-BLE2 3.3.0
2024-11-28 10:28:16,791 [INFO] ThirdParty:1030 - CMSIS Pack Vendor :STMicroelectronics PDM2PCM 3.2.0
2024-11-28 10:28:16,791 [INFO] ThirdParty:841 - exiting critical section [change project]
2024-11-28 10:28:16,891 [INFO] PinOutPanel:1561 - setPackage(No Configuration,No Configuration)
2024-11-28 10:28:16,892 [INFO] PinOutPanel:1561 - setPackage(STM32F103C8Tx,LQFP48)
2024-11-28 10:28:17,060 [INFO] UtilMem:75 - Before build in PCC Used Memory: 714344576 Bytes (1073741824)
2024-11-28 10:28:17,304 [INFO] UtilMem:75 - After build in PCC Used Memory: 756287712 Bytes (1073741824)
2024-11-28 10:28:17,324 [INFO] IPUIPlugin:80 - create IPUIPlugin
2024-11-28 10:28:17,325 [INFO] IPUIPlugin:80 - create IPUIPlugin
2024-11-28 10:28:17,325 [INFO] IPUIPlugin:80 - create IPUIPlugin
2024-11-28 10:28:17,325 [INFO] IPUIPlugin:80 - create IPUIPlugin
2024-11-28 10:28:17,325 [INFO] IPUIPlugin:80 - create IPUIPlugin
2024-11-28 10:28:17,325 [INFO] IPUIPlugin:80 - create IPUIPlugin
2024-11-28 10:28:17,325 [INFO] IPUIPlugin:80 - create IPUIPlugin
2024-11-28 10:28:17,325 [INFO] IPUIPlugin:80 - create IPUIPlugin
2024-11-28 10:28:17,325 [INFO] IPUIPlugin:80 - create IPUIPlugin
2024-11-28 10:28:17,325 [INFO] IPUIPlugin:80 - create IPUIPlugin
2024-11-28 10:28:17,326 [INFO] IPUIPlugin:80 - create IPUIPlugin
2024-11-28 10:28:17,326 [INFO] IPUIPlugin:80 - create IPUIPlugin
2024-11-28 10:28:17,326 [INFO] IPUIPlugin:80 - create IPUIPlugin
2024-11-28 10:28:17,326 [INFO] IPUIPlugin:80 - create IPUIPlugin
2024-11-28 10:28:17,326 [INFO] IPUIPlugin:80 - create IPUIPlugin
2024-11-28 10:28:17,327 [INFO] IPUIPlugin:80 - create IPUIPlugin
2024-11-28 10:28:17,327 [INFO] IPUIPlugin:80 - create IPUIPlugin
2024-11-28 10:28:17,327 [INFO] IPUIPlugin:80 - create IPUIPlugin
2024-11-28 10:28:17,327 [INFO] IPUIPlugin:80 - create IPUIPlugin
2024-11-28 10:28:17,327 [INFO] IPUIPlugin:80 - create IPUIPlugin
2024-11-28 10:28:17,328 [INFO] IPUIPlugin:80 - create IPUIPlugin
2024-11-28 10:28:17,328 [INFO] IPUIPlugin:80 - create IPUIPlugin
2024-11-28 10:28:17,328 [INFO] IPUIPlugin:80 - create IPUIPlugin
2024-11-28 10:28:17,328 [INFO] IPUIPlugin:80 - create IPUIPlugin
2024-11-28 10:28:17,329 [INFO] IPUIPlugin:80 - create IPUIPlugin
2024-11-28 10:28:17,329 [INFO] IPUIPlugin:80 - create IPUIPlugin
2024-11-28 10:28:17,329 [INFO] IPUIPlugin:80 - create IPUIPlugin
2024-11-28 10:28:17,369 [INFO] CADModel:165 - CPN selected for project levelSTM32F103C8T6
2024-11-28 10:28:17,369 [INFO] CADModel:114 - Register for checkConnection events
2024-11-28 10:28:17,424 [INFO] OpenFileManager:363 - Restore cursor
2024-11-28 10:29:36,709 [INFO] MainUpdater:2873 - connection check result : 10
2024-11-28 10:29:36,709 [INFO] MainUpdater:2873 - connection check result : 10
2024-11-28 10:29:36,751 [INFO] MicroXplorer:468 - Change Database Path : 
2024-11-28 10:29:36,752 [INFO] MicroXplorer:498 - Change Database Version : DB.6.0.121
2024-11-28 10:29:36,757 [ERROR] ProjectManagerView:394 - 
java.lang.NullPointerException: Cannot invoke "javax.swing.JTextField.getText()" because the return value of "java.util.List.get(int)" is null
	at com.st.microxplorer.plugins.projectmanager.gui.ProjectChoiceTab$10.caretUpdate(ProjectChoiceTab.java:2622) ~[filemanager.jar:?]
	at javax.swing.text.JTextComponent.fireCaretUpdate(JTextComponent.java:412) ~[?:?]
	at javax.swing.text.JTextComponent$MutableCaretEvent.fire(JTextComponent.java:4491) ~[?:?]
	at javax.swing.text.JTextComponent$MutableCaretEvent.stateChanged(JTextComponent.java:4513) ~[?:?]
	at javax.swing.text.DefaultCaret.fireStateChanged(DefaultCaret.java:842) ~[?:?]
	at javax.swing.text.DefaultCaret.changeCaretPosition(DefaultCaret.java:1313) ~[?:?]
	at javax.swing.text.DefaultCaret.handleSetDot(DefaultCaret.java:1212) ~[?:?]
	at javax.swing.text.DefaultCaret.setDot(DefaultCaret.java:1193) ~[?:?]
	at javax.swing.text.DefaultCaret$Handler.insertUpdate(DefaultCaret.java:1789) ~[?:?]
	at javax.swing.text.AbstractDocument.fireInsertUpdate(AbstractDocument.java:226) ~[?:?]
	at javax.swing.text.AbstractDocument.handleInsertString(AbstractDocument.java:780) ~[?:?]
	at javax.swing.text.AbstractDocument.insertString(AbstractDocument.java:739) ~[?:?]
	at javax.swing.text.PlainDocument.insertString(PlainDocument.java:131) ~[?:?]
	at javax.swing.text.AbstractDocument.replace(AbstractDocument.java:698) ~[?:?]
	at javax.swing.text.JTextComponent.setText(JTextComponent.java:1729) ~[?:?]
	at com.st.microxplorer.plugins.projectmanager.gui.ProjectChoiceTab.createHeapStackFields(ProjectChoiceTab.java:972) ~[filemanager.jar:?]
	at com.st.microxplorer.plugins.projectmanager.gui.ProjectChoiceTab.buildLinkSettingsPanel(ProjectChoiceTab.java:3597) ~[filemanager.jar:?]
	at com.st.microxplorer.plugins.projectmanager.gui.ProjectChoiceTab.defineWindowsFields(ProjectChoiceTab.java:1940) ~[filemanager.jar:?]
	at com.st.microxplorer.plugins.projectmanager.gui.ProjectChoiceTab.updateSettings(ProjectChoiceTab.java:550) ~[filemanager.jar:?]
	at com.st.microxplorer.plugins.projectmanager.gui.ProjectSettingsPanel.UpdateDialog(ProjectSettingsPanel.java:245) ~[filemanager.jar:?]
	at com.st.microxplorer.plugins.projectmanager.ProjectManagerView.propertyChange(ProjectManagerView.java:391) ~[filemanager.jar:?]
	at java.beans.PropertyChangeSupport.fire(PropertyChangeSupport.java:343) ~[?:?]
	at java.beans.PropertyChangeSupport.firePropertyChange(PropertyChangeSupport.java:335) ~[?:?]
	at java.beans.PropertyChangeSupport.firePropertyChange(PropertyChangeSupport.java:268) ~[?:?]
	at com.st.microxplorer.util.MXPropertyChangeSupport.firePropertyChange(MXPropertyChangeSupport.java:54) ~[STM32CubeMX.jar:?]
	at com.st.microxplorer.mxsystem.MxSystem.closeConfig(MxSystem.java:900) ~[STM32CubeMX.jar:?]
	at com.st.microxplorer.maingui.MainPanel.closeConfig(MainPanel.java:781) ~[STM32CubeMX.jar:?]
	at com.st.microxplorer.plugins.filemanager.engine.OpenFileManager.loadConfigurationFile(OpenFileManager.java:265) ~[filemanager.jar:?]
	at com.st.microxplorer.plugins.filemanager.engine.MainFileManager.userLoadConfig(MainFileManager.java:352) ~[filemanager.jar:?]
	at com.st.microxplorer.plugins.filemanager.engine.MainFileManager.userLoadConfig(MainFileManager.java:330) ~[filemanager.jar:?]
	at com.st.microxplorer.plugins.filemanager.FileManagerView.getSpecificTask(FileManagerView.java:246) ~[filemanager.jar:?]
	at com.st.stm32cube.common.mx.editor.CubeMxEditor.getMxTabbedPaneInstance(CubeMxEditor.java:1198) ~[com.st.stm32cube.common.mx_6.12.1.202409122256/:?]
	at com.st.stm32cube.common.mx.editor.CubeMxEditor$12$1.createSwingComponent(CubeMxEditor.java:1068) ~[com.st.stm32cube.common.mx_6.12.1.202409122256/:?]
	at com.st.stm32cube.common.mx.oss.core.awtswtbridge.EmbeddedSwingComposite.doComponentCreation(EmbeddedSwingComposite.java:492) ~[com.st.stm32cube.common.mx.oss_6.12.1.202409122256/:?]
	at com.st.stm32cube.common.mx.oss.core.awtswtbridge.EmbeddedSwingComposite$4.run(EmbeddedSwingComposite.java:291) ~[com.st.stm32cube.common.mx.oss_6.12.1.202409122256/:?]
	at com.st.stm32cube.common.mx.oss.core.awtswtbridge.AwtEnvironment$2.run(AwtEnvironment.java:166) ~[com.st.stm32cube.common.mx.oss_6.12.1.202409122256/:?]
	at java.awt.event.InvocationEvent.dispatch(InvocationEvent.java:318) ~[?:?]
	at java.awt.EventQueue.dispatchEventImpl(EventQueue.java:773) ~[?:?]
	at java.awt.EventQueue$4.run(EventQueue.java:720) ~[?:?]
	at java.awt.EventQueue$4.run(EventQueue.java:714) ~[?:?]
	at java.security.AccessController.doPrivileged(AccessController.java:399) ~[?:?]
	at java.security.ProtectionDomain$JavaSecurityAccessImpl.doIntersectionPrivilege(ProtectionDomain.java:86) ~[?:?]
	at java.awt.EventQueue.dispatchEvent(EventQueue.java:742) ~[?:?]
	at java.awt.EventDispatchThread.pumpOneEventForFilters(EventDispatchThread.java:203) ~[?:?]
	at java.awt.EventDispatchThread.pumpEventsForFilter(EventDispatchThread.java:124) ~[?:?]
	at java.awt.EventDispatchThread.pumpEventsForHierarchy(EventDispatchThread.java:113) ~[?:?]
	at java.awt.EventDispatchThread.pumpEvents(EventDispatchThread.java:109) ~[?:?]
	at java.awt.EventDispatchThread.pumpEvents(EventDispatchThread.java:101) ~[?:?]
	at java.awt.EventDispatchThread.run(EventDispatchThread.java:90) ~[?:?]
2024-11-28 10:29:36,758 [WARN] ThirdParty:871 - waiting for thirdparty lock release [close project]
2024-11-28 10:29:36,758 [INFO] ThirdParty:873 - entering critical section [close project]
2024-11-28 10:29:36,758 [INFO] ThirdParty:883 - exiting critical section [close project]
2024-11-28 10:29:36,759 [INFO] PinOutPanel:1561 - setPackage(No Configuration,No Configuration)
2024-11-28 10:29:36,762 [INFO] UtilMem:75 - Begin LoadConfig() Used Memory: 729823912 Bytes (1073741824)
2024-11-28 10:29:36,762 [INFO] MicroXplorer:468 - Change Database Path : 
2024-11-28 10:29:36,762 [INFO] MicroXplorer:498 - Change Database Version : DB.6.0.121
2024-11-28 10:29:36,763 [INFO] OpenFileManager:332 - Change cursor
2024-11-28 10:29:36,769 [INFO] Mcu:2032 - Initializing MCU STM32F103C(8-B)Tx STM32F103C8Tx STM32F103C8T6
2024-11-28 10:29:37,138 [INFO] Context:742 - Trying to add GPIOservice into a context  which must be forbidden
2024-11-28 10:29:37,218 [INFO] RtosManager:555 - Registered RTOS mode: class=CMSIS, group=RTOS, mode=CMSIS_V1, owner=FREERTOS
2024-11-28 10:29:37,218 [INFO] RtosManager:555 - Registered RTOS mode: class=CMSIS, group=RTOS2, mode=CMSIS_V2, owner=FREERTOS
2024-11-28 10:29:37,218 [INFO] RtosManager:555 - Registered RTOS mode: class=RTOS, group=Core, mode=CMSIS_V1, owner=FREERTOS
2024-11-28 10:29:37,218 [INFO] RtosManager:555 - Registered RTOS mode: class=RTOS, group=Core, mode=CMSIS_V2, owner=FREERTOS
2024-11-28 10:29:37,219 [WARN] ModelIntegratedComponent:184 - Missing modes for component STMicroelectronics:FreeRTOS:0.0.1:STMicroelectronics:RTOS:FreeRTOS:Core:::10.2.0:
2024-11-28 10:29:37,222 [WARN] ModelIntegratedComponent:63 - No mode defined for component null
2024-11-28 10:29:37,222 [WARN] ModelIntegratedComponent:63 - No mode defined for component null
2024-11-28 10:29:37,222 [WARN] ModelIntegratedComponent:63 - No mode defined for component null
2024-11-28 10:29:37,222 [WARN] ModelIntegratedComponent:63 - No mode defined for component null
2024-11-28 10:29:37,222 [WARN] ModelIntegratedComponent:63 - No mode defined for component null
2024-11-28 10:29:37,222 [WARN] ModelIntegratedComponent:63 - No mode defined for component null
2024-11-28 10:29:37,222 [WARN] ModelIntegratedComponent:63 - No mode defined for component null
2024-11-28 10:29:37,222 [WARN] ModelIntegratedComponent:63 - No mode defined for component null
2024-11-28 10:29:37,222 [WARN] ModelIntegratedComponent:63 - No mode defined for component null
2024-11-28 10:29:37,222 [WARN] ModelIntegratedComponent:63 - No mode defined for component null
2024-11-28 10:29:37,222 [WARN] ModelIntegratedComponent:63 - No mode defined for component null
2024-11-28 10:29:37,222 [WARN] ModelIntegratedComponent:63 - No mode defined for component null
2024-11-28 10:29:37,222 [WARN] ModelIntegratedComponent:63 - No mode defined for component null
2024-11-28 10:29:37,222 [WARN] ModelIntegratedComponent:63 - No mode defined for component null
2024-11-28 10:29:37,222 [WARN] ModelIntegratedComponent:63 - No mode defined for component null
2024-11-28 10:29:37,222 [WARN] ModelIntegratedComponent:63 - No mode defined for component null
2024-11-28 10:29:37,222 [WARN] ModelIntegratedComponent:63 - No mode defined for component null
2024-11-28 10:29:37,222 [WARN] ModelIntegratedComponent:63 - No mode defined for component null
2024-11-28 10:29:37,223 [WARN] ModelIntegratedComponent:63 - No mode defined for component null
2024-11-28 10:29:37,223 [WARN] ModelIntegratedComponent:63 - No mode defined for component null
2024-11-28 10:29:37,223 [WARN] ModelIntegratedComponent:63 - No mode defined for component null
2024-11-28 10:29:37,223 [WARN] ModelIntegratedComponent:63 - No mode defined for component null
2024-11-28 10:29:37,223 [WARN] ModelIntegratedComponent:63 - No mode defined for component null
2024-11-28 10:29:37,223 [WARN] ModelIntegratedComponent:63 - No mode defined for component null
2024-11-28 10:29:37,223 [WARN] ModelIntegratedComponent:63 - No mode defined for component null
2024-11-28 10:29:37,223 [WARN] ModelIntegratedComponent:63 - No mode defined for component null
2024-11-28 10:29:37,223 [WARN] ModelIntegratedComponent:63 - No mode defined for component null
2024-11-28 10:29:37,223 [WARN] ModelIntegratedComponent:63 - No mode defined for component null
2024-11-28 10:29:37,223 [WARN] ModelIntegratedComponent:63 - No mode defined for component null
2024-11-28 10:29:37,223 [WARN] ModelIntegratedComponent:63 - No mode defined for component null
2024-11-28 10:29:37,223 [WARN] ModelIntegratedComponent:63 - No mode defined for component null
2024-11-28 10:29:37,223 [WARN] ModelIntegratedComponent:63 - No mode defined for component null
2024-11-28 10:29:37,223 [WARN] ModelIntegratedComponent:63 - No mode defined for component null
2024-11-28 10:29:37,223 [WARN] ModelIntegratedComponent:63 - No mode defined for component null
2024-11-28 10:29:37,223 [WARN] ModelIntegratedComponent:63 - No mode defined for component null
2024-11-28 10:29:37,223 [WARN] ModelPack:524 - Component already loaded: STMicroelectronics:HAL Drivers:0.0.0:STMicroelectronics:Device:STMicro_Driver:XSPI:HAL::0.0.1:HAL_XSPI
2024-11-28 10:29:37,227 [INFO] ThirdPartyModel:298 - Start build external matchings
2024-11-28 10:29:37,274 [INFO] ThirdPartyModel:316 - End build external matchings
2024-11-28 10:29:37,427 [INFO] UtilMem:75 - End LoadConfig() Used Memory: 711936040 Bytes (1073741824)
2024-11-28 10:29:37,463 [WARN] ThirdParty:833 - waiting for thirdparty lock release [change project]
2024-11-28 10:29:37,463 [INFO] ThirdParty:835 - entering critical section [change project]
2024-11-28 10:29:37,464 [INFO] ThirdParty:1030 - CMSIS Pack Vendor :STMicroelectronics USBPD 4.1
2024-11-28 10:29:37,464 [INFO] ThirdParty:1030 - CMSIS Pack Vendor :STMicroelectronics USB_HOST 2.0.0
2024-11-28 10:29:37,464 [INFO] ThirdParty:1030 - CMSIS Pack Vendor :STMicroelectronics FP-SNS-MOTENVWB1 1.4.0
2024-11-28 10:29:37,464 [INFO] ThirdParty:1030 - CMSIS Pack Vendor :STMicroelectronics X-CUBE-AZRTOS-F4 1.1.0
2024-11-28 10:29:37,464 [INFO] ThirdParty:1030 - CMSIS Pack Vendor :STMicroelectronics LIBJPEG 8.0.0
2024-11-28 10:29:37,464 [INFO] ThirdParty:1030 - CMSIS Pack Vendor :STMicroelectronics X-CUBE-SMBUS 2.1.0
2024-11-28 10:29:37,464 [INFO] ThirdParty:1030 - CMSIS Pack Vendor :STMicroelectronics USB_DEVICE 3.0.0
2024-11-28 10:29:37,464 [INFO] ThirdParty:1030 - CMSIS Pack Vendor :STMicroelectronics X-CUBE-TCPP 4.1.0
2024-11-28 10:29:37,464 [INFO] ThirdParty:1030 - CMSIS Pack Vendor :STMicroelectronics X-CUBE-FREERTOS 1.2.0
2024-11-28 10:29:37,464 [INFO] ThirdParty:1030 - CMSIS Pack Vendor :STMicroelectronics X-CUBE-AZRTOS-WB 2.0.0
2024-11-28 10:29:37,464 [INFO] ThirdParty:1030 - CMSIS Pack Vendor :STMicroelectronics X-CUBE-AZRTOS-F7 1.1.0
2024-11-28 10:29:37,464 [INFO] ThirdParty:1030 - CMSIS Pack Vendor :STMicroelectronics X-CUBE-AZRTOS-L5 2.0.0
2024-11-28 10:29:37,464 [INFO] ThirdParty:1030 - CMSIS Pack Vendor :STMicroelectronics USB_DEVICE 2.0.0
2024-11-28 10:29:37,464 [INFO] ThirdParty:1030 - CMSIS Pack Vendor :STMicroelectronics X-CUBE-NFC6 3.1.0
2024-11-28 10:29:37,464 [INFO] ThirdParty:1030 - CMSIS Pack Vendor :STMicroelectronics FreeRTOS 0.0.1
2024-11-28 10:29:37,464 [INFO] ThirdParty:1030 - CMSIS Pack Vendor :STMicroelectronics X-CUBE-AZRTOS-G0 1.1.0
2024-11-28 10:29:37,464 [INFO] ThirdParty:1030 - CMSIS Pack Vendor :STMicroelectronics X-CUBE-SAFEA1 1.2.2
2024-11-28 10:29:37,464 [INFO] ThirdParty:1030 - CMSIS Pack Vendor :STMicroelectronics X-CUBE-NFC4 3.0.0
2024-11-28 10:29:37,464 [INFO] ThirdParty:1030 - CMSIS Pack Vendor :STMicroelectronics X-CUBE-SUBG2 5.0.0
2024-11-28 10:29:37,464 [INFO] ThirdParty:1030 - CMSIS Pack Vendor :STMicroelectronics STM32_WPAN 1.0.0
2024-11-28 10:29:37,464 [INFO] ThirdParty:1030 - CMSIS Pack Vendor :STMicroelectronics lwIP 2.0.3
2024-11-28 10:29:37,464 [INFO] ThirdParty:1030 - CMSIS Pack Vendor :STMicroelectronics FP-SNS-FLIGHT1 5.0.2
2024-11-28 10:29:37,464 [INFO] ThirdParty:1030 - CMSIS Pack Vendor :STMicroelectronics USB_HOST 1.0.0
2024-11-28 10:29:37,464 [INFO] ThirdParty:1030 - CMSIS Pack Vendor :STMicroelectronics X-CUBE-AZRTOS-G4 2.0.0
2024-11-28 10:29:37,464 [INFO] ThirdParty:1030 - CMSIS Pack Vendor :STMicroelectronics PDM2PCM 3.1.0
2024-11-28 10:29:37,464 [INFO] ThirdParty:1030 - CMSIS Pack Vendor :STMicroelectronics PDM2PCM 3.3.0
2024-11-28 10:29:37,464 [INFO] ThirdParty:1030 - CMSIS Pack Vendor :STMicroelectronics X-CUBE-DISPLAY 3.0.0
2024-11-28 10:29:37,464 [INFO] ThirdParty:1030 - CMSIS Pack Vendor :STMicroelectronics X-CUBE-BLE1 7.0.0
2024-11-28 10:29:37,464 [INFO] ThirdParty:1030 - CMSIS Pack Vendor :STMicroelectronics FP-ATR-SIGFOX1 3.2.0
2024-11-28 10:29:37,464 [INFO] ThirdParty:1030 - CMSIS Pack Vendor :STMicroelectronics X-CUBE-EEPRMA1 5.1.0
2024-11-28 10:29:37,464 [INFO] ThirdParty:1030 - CMSIS Pack Vendor :STMicroelectronics HAL Drivers 0.0.0
2024-11-28 10:29:37,464 [INFO] ThirdParty:1030 - CMSIS Pack Vendor :STMicroelectronics MBEDTLS 2.16.2
2024-11-28 10:29:37,464 [INFO] ThirdParty:1030 - CMSIS Pack Vendor :STMicroelectronics X-CUBE-ALS 1.0.2
2024-11-28 10:29:37,464 [INFO] ThirdParty:1030 - CMSIS Pack Vendor :STMicroelectronics X-CUBE-NFC7 1.0.1
2024-11-28 10:29:37,464 [INFO] ThirdParty:1030 - CMSIS Pack Vendor :STMicroelectronics MBEDTLS 2.14.1
2024-11-28 10:29:37,464 [INFO] ThirdParty:1030 - CMSIS Pack Vendor :STMicroelectronics X-CUBE-BLEMGR 3.1.0
2024-11-28 10:29:37,464 [INFO] ThirdParty:1030 - CMSIS Pack Vendor :STMicroelectronics ThreadX 1.0.0
2024-11-28 10:29:37,464 [INFO] ThirdParty:1030 - CMSIS Pack Vendor :STMicroelectronics FP-SNS-SMARTAG2 1.2.0
2024-11-28 10:29:37,464 [INFO] ThirdParty:1030 - CMSIS Pack Vendor :STMicroelectronics X-CUBE-AZRTOS-WL 2.0.0
2024-11-28 10:29:37,465 [INFO] ThirdParty:1030 - CMSIS Pack Vendor :STMicroelectronics X-CUBE-ALGOBUILD 1.4.0
2024-11-28 10:29:37,465 [INFO] ThirdParty:1030 - CMSIS Pack Vendor :STMicroelectronics FP-SNS-MOTENV1 5.0.0
2024-11-28 10:29:37,465 [INFO] ThirdParty:1030 - CMSIS Pack Vendor :STMicroelectronics USB_DEVICE 1.0.0
2024-11-28 10:29:37,465 [INFO] ThirdParty:1030 - CMSIS Pack Vendor :STMicroelectronics X-CUBE-AZRTOS-H7RS 1.0.0
2024-11-28 10:29:37,465 [INFO] ThirdParty:1030 - CMSIS Pack Vendor :STMicroelectronics X-CUBE-AZRTOS-L4 2.0.0
2024-11-28 10:29:37,465 [INFO] ThirdParty:1030 - CMSIS Pack Vendor :STMicroelectronics ThreadX 0.0.2
2024-11-28 10:29:37,465 [INFO] ThirdParty:1030 - CMSIS Pack Vendor :STMicroelectronics lwIP 2.1.2
2024-11-28 10:29:37,465 [INFO] ThirdParty:1030 - CMSIS Pack Vendor :STMicroelectronics X-CUBE-SFXS2LP1 4.0.0
2024-11-28 10:29:37,465 [INFO] ThirdParty:1030 - CMSIS Pack Vendor :STMicroelectronics X-CUBE-BLE2 3.3.0
2024-11-28 10:29:37,465 [INFO] ThirdParty:1030 - CMSIS Pack Vendor :STMicroelectronics PDM2PCM 3.2.0
2024-11-28 10:29:37,465 [INFO] ThirdParty:841 - exiting critical section [change project]
2024-11-28 10:29:37,561 [INFO] PinOutPanel:1561 - setPackage(No Configuration,No Configuration)
2024-11-28 10:29:37,562 [INFO] PinOutPanel:1561 - setPackage(STM32F103C8Tx,LQFP48)
2024-11-28 10:29:37,675 [INFO] UtilMem:75 - Before build in PCC Used Memory: 790895448 Bytes (1073741824)
2024-11-28 10:29:37,833 [INFO] UtilMem:75 - After build in PCC Used Memory: 829170520 Bytes (1073741824)
2024-11-28 10:29:37,843 [INFO] IPUIPlugin:80 - create IPUIPlugin
2024-11-28 10:29:37,843 [INFO] IPUIPlugin:80 - create IPUIPlugin
2024-11-28 10:29:37,843 [INFO] IPUIPlugin:80 - create IPUIPlugin
2024-11-28 10:29:37,843 [INFO] IPUIPlugin:80 - create IPUIPlugin
2024-11-28 10:29:37,843 [INFO] IPUIPlugin:80 - create IPUIPlugin
2024-11-28 10:29:37,844 [INFO] IPUIPlugin:80 - create IPUIPlugin
2024-11-28 10:29:37,844 [INFO] IPUIPlugin:80 - create IPUIPlugin
2024-11-28 10:29:37,844 [INFO] IPUIPlugin:80 - create IPUIPlugin
2024-11-28 10:29:37,844 [INFO] IPUIPlugin:80 - create IPUIPlugin
2024-11-28 10:29:37,844 [INFO] IPUIPlugin:80 - create IPUIPlugin
2024-11-28 10:29:37,844 [INFO] IPUIPlugin:80 - create IPUIPlugin
2024-11-28 10:29:37,844 [INFO] IPUIPlugin:80 - create IPUIPlugin
2024-11-28 10:29:37,844 [INFO] IPUIPlugin:80 - create IPUIPlugin
2024-11-28 10:29:37,844 [INFO] IPUIPlugin:80 - create IPUIPlugin
2024-11-28 10:29:37,844 [INFO] IPUIPlugin:80 - create IPUIPlugin
2024-11-28 10:29:37,844 [INFO] IPUIPlugin:80 - create IPUIPlugin
2024-11-28 10:29:37,844 [INFO] IPUIPlugin:80 - create IPUIPlugin
2024-11-28 10:29:37,845 [INFO] IPUIPlugin:80 - create IPUIPlugin
2024-11-28 10:29:37,845 [INFO] IPUIPlugin:80 - create IPUIPlugin
2024-11-28 10:29:37,845 [INFO] IPUIPlugin:80 - create IPUIPlugin
2024-11-28 10:29:37,845 [INFO] IPUIPlugin:80 - create IPUIPlugin
2024-11-28 10:29:37,845 [INFO] IPUIPlugin:80 - create IPUIPlugin
2024-11-28 10:29:37,846 [INFO] IPUIPlugin:80 - create IPUIPlugin
2024-11-28 10:29:37,846 [INFO] IPUIPlugin:80 - create IPUIPlugin
2024-11-28 10:29:37,846 [INFO] IPUIPlugin:80 - create IPUIPlugin
2024-11-28 10:29:37,846 [INFO] IPUIPlugin:80 - create IPUIPlugin
2024-11-28 10:29:37,847 [INFO] IPUIPlugin:80 - create IPUIPlugin
2024-11-28 10:29:37,872 [INFO] CADModel:165 - CPN selected for project levelSTM32F103C8T6
2024-11-28 10:29:37,872 [INFO] CADModel:114 - Register for checkConnection events
2024-11-28 10:29:37,933 [INFO] OpenFileManager:363 - Restore cursor
2024-11-28 10:37:43,302 [INFO] NvicIntPanel:101 - NVIC parent = com.st.microxplorer.plugins.ip.nvic.MultiNvicIntPanel[,0,0,0x0,invalid,layout=javax.swing.BoxLayout,alignmentX=0.0,alignmentY=0.0,border=,flags=9,maximumSize=,minimumSize=,preferredSize=]
2024-11-28 10:37:46,807 [INFO] UtilMem:75 - End SaveConfig() Used Memory: 795834520 Bytes (1073741824)
2024-11-28 10:37:46,846 [INFO] UtilMem:75 - End SaveConfig() Used Memory: 809463360 Bytes (1073741824)
2024-11-28 10:37:47,190 [INFO] UtilMem:75 - End SaveConfig() Used Memory: 839872064 Bytes (1073741824)
2024-11-28 10:37:47,272 [INFO] BlockDiagram:2766 - set Specific Code input for plugin: NVIC
2024-11-28 10:37:47,272 [INFO] BlockDiagram:2766 - set Specific Code input for plugin: TIM1_8F1
2024-11-28 10:37:47,272 [INFO] BlockDiagram:2766 - set Specific Code input for plugin: SYS
2024-11-28 10:37:47,273 [INFO] BlockDiagram:2766 - set Specific Code input for plugin: GPIO
2024-11-28 10:37:47,273 [INFO] BlockDiagram:2766 - set Specific Code input for plugin: RCC
2024-11-28 10:37:47,274 [INFO] CodeGenerator:807 - code generatio: config db path: D:\p-program\stm32cubeide\STM32CubeIDE_1.16.1\STM32CubeIDE\plugins\com.st.stm32cube.common.mx_6.12.1.202409122256\\db\
2024-11-28 10:37:47,391 [INFO] CodeEngine:255 - oldGeneratedFile, D:\s-stm32ws\sg90bot_hello_c8t6\MXTmpFiles\license.tmp_save
2024-11-28 10:37:47,470 [INFO] CodeEngine:279 - Generated code: D:\s-stm32ws\sg90bot_hello_c8t6\MXTmpFiles\license.tmp
2024-11-28 10:37:47,535 [INFO] CodeEngine:255 - oldGeneratedFile, D:\s-stm32ws\sg90bot_hello_c8t6\MXTmpFiles\gpio.tmp_save
2024-11-28 10:37:47,625 [INFO] CodeEngine:279 - Generated code: D:\s-stm32ws\sg90bot_hello_c8t6\MXTmpFiles\gpio.tmp
2024-11-28 10:37:47,713 [INFO] CodeEngine:255 - oldGeneratedFile, D:\s-stm32ws\sg90bot_hello_c8t6\Core\Src\stm32f1xx_it.c_save
2024-11-28 10:37:47,873 [INFO] CodeEngine:279 - Generated code: D:\s-stm32ws\sg90bot_hello_c8t6\Core\Src\stm32f1xx_it.c
2024-11-28 10:37:47,891 [INFO] CodeEngine:255 - oldGeneratedFile, D:\s-stm32ws\sg90bot_hello_c8t6\Core\Inc\stm32f1xx_it.h_save
2024-11-28 10:37:47,958 [INFO] CodeEngine:279 - Generated code: D:\s-stm32ws\sg90bot_hello_c8t6\Core\Inc\stm32f1xx_it.h
2024-11-28 10:37:47,985 [INFO] CodeEngine:255 - oldGeneratedFile, D:\s-stm32ws\sg90bot_hello_c8t6\Core\Src\stm32f1xx_hal_msp.c_save
2024-11-28 10:37:48,094 [INFO] CodeEngine:279 - Generated code: D:\s-stm32ws\sg90bot_hello_c8t6\Core\Src\stm32f1xx_hal_msp.c
2024-11-28 10:37:48,105 [INFO] CodeEngine:255 - oldGeneratedFile, D:\s-stm32ws\sg90bot_hello_c8t6\MXTmpFiles\system.tmp_save
2024-11-28 10:37:48,162 [INFO] CodeEngine:279 - Generated code: D:\s-stm32ws\sg90bot_hello_c8t6\MXTmpFiles\system.tmp
2024-11-28 10:37:48,188 [INFO] CodeEngine:311 - oldGeneratedFile, D:\s-stm32ws\sg90bot_hello_c8t6\Core\Inc\stm32f1xx_hal_conf.h_save
2024-11-28 10:37:48,267 [INFO] CodeEngine:335 - Generated code: D:\s-stm32ws\sg90bot_hello_c8t6\Core\Inc\stm32f1xx_hal_conf.h
2024-11-28 10:37:48,285 [WARN] IPConfigManager:3554 - IP not found : TIM
2024-11-28 10:37:48,286 [WARN] CodeGenerator:4002 - IP not found : null
2024-11-28 10:37:48,328 [INFO] CodeEngine:255 - oldGeneratedFile, D:\s-stm32ws\sg90bot_hello_c8t6\Core\Inc\main.h_save
2024-11-28 10:37:48,419 [INFO] CodeEngine:279 - Generated code: D:\s-stm32ws\sg90bot_hello_c8t6\Core\Inc\main.h
2024-11-28 10:37:48,443 [INFO] CodeEngine:255 - oldGeneratedFile, D:\s-stm32ws\sg90bot_hello_c8t6\Core\Src\main.c_save
2024-11-28 10:37:48,556 [INFO] CodeEngine:279 - Generated code: D:\s-stm32ws\sg90bot_hello_c8t6\Core\Src\main.c
2024-11-28 10:37:48,916 [INFO] ProjectBuilder:3249 - Time for Copy HAL[1] : 166mS.
2024-11-28 10:37:48,919 [INFO] ProjectBuilder:4828 - Project Generator version: 4.5.0-B34
2024-11-28 10:37:49,016 [INFO] ConfigFileManager:1531 - The Die is : DIE410
2024-11-28 10:37:49,026 [INFO] ApiDbMcu:508 - Load IP Config File for FATFS
2024-11-28 10:37:49,037 [INFO] ApiDbMcu:508 - Load IP Config File for FREERTOS
2024-11-28 10:37:49,051 [INFO] ApiDbMcu:508 - Load IP Config File for USB_DEVICE
2024-11-28 10:37:50,255 [INFO] ProjectBuilder:5097 - Time for Generating toolchain IDE Files: 1336mS.
2024-11-28 10:37:50,256 [INFO] ProjectBuilder:3107 - Time for Copy CMSIS : 1mS.
2024-11-28 10:37:50,261 [INFO] ProjectBuilder:3107 - Time for Copy CMSIS : 0mS.
